<?xml version="1.0" encoding="UTF-8"?>
<!-- Generated by org.testng.reporters.JUnitReportReporter -->
<testsuite skipped="0" hostname="katya" name="test.java.DCTestFrameWork_Tests.ComicsTest" tests="1" failures="0" timestamp="23 Jan 2018 04:46:44 GMT" time="0.036" errors="0">
  <testcase name="f" time="0.036" classname="test.java.DCTestFrameWork_Tests.ComicsTest"/>
</testsuite> <!-- test.java.DCTestFrameWork_Tests.ComicsTest -->
