<?xml version="1.0" encoding="UTF-8"?>
<!-- Generated by org.testng.reporters.JUnitReportReporter -->
<testsuite skipped="0" hostname="katya" name="test.java.DCTestFrameWork_Tests.MoviesContentTest" tests="1" failures="0" timestamp="29 Jan 2018 01:28:23 GMT" time="9.197" errors="0">
  <testcase name="ContentTest" time="9.197" classname="test.java.DCTestFrameWork_Tests.MoviesContentTest"/>
</testsuite> <!-- test.java.DCTestFrameWork_Tests.MoviesContentTest -->
