<?xml version="1.0" encoding="UTF-8"?>
<!-- Generated by org.testng.reporters.JUnitReportReporter -->
<testsuite skipped="0" hostname="katya" name="test.java.DCTestFrameWork_Tests.MoviesNavTest" tests="1" failures="0" timestamp="04 Feb 2018 00:18:35 GMT" time="14.799" errors="0">
  <testcase name="NavTest" time="14.799" classname="test.java.DCTestFrameWork_Tests.MoviesNavTest"/>
</testsuite> <!-- test.java.DCTestFrameWork_Tests.MoviesNavTest -->
