<?xml version="1.0" encoding="UTF-8"?>
<!-- Generated by org.testng.reporters.JUnitReportReporter -->
<testsuite skipped="0" hostname="katya" name="DCTestFrameWork_Tests.ComicsTest" tests="1" failures="0" timestamp="22 Jan 2018 04:04:36 GMT" time="0.027" errors="0">
  <testcase name="f" time="0.027" classname="DCTestFrameWork_Tests.ComicsTest"/>
</testsuite> <!-- DCTestFrameWork_Tests.ComicsTest -->
